<?xml version="1.0" encoding="UTF-8" ?>
<testsuite errors="0" failures="1" hostname="LARAKI-VAIO" name="friendsofmin.MembreControllerTests" tests="1" time="2.04" timestamp="2012-03-03T22:30:26">
  <properties />
  <testcase classname="friendsofmin.MembreControllerTests" name="testSomething" time="1.956">
    <failure message="java.lang.AssertionError: Implement me" type="junit.framework.AssertionFailedError">junit.framework.AssertionFailedError: java.lang.AssertionError: Implement me
	at friendsofmin.MembreControllerTests.testSomething(MembreControllerTests.groovy:15)
</failure>
  </testcase>
  <system-out><![CDATA[--Output from testSomething--
]]></system-out>
  <system-err><![CDATA[--Output from testSomething--
]]></system-err>
</testsuite>
