<?xml version="1.0" encoding="UTF-8" ?>
<testsuites>
  <testsuite errors="0" failures="1" hostname="LARAKI-VAIO" id="0" name="ActiviteTests" package="friendsofmin" tests="1" time="1.392" timestamp="2012-03-03T22:30:24">
      <properties />

      <testcase classname="friendsofmin.ActiviteTests" name="testSomething" time="0.819">
          <failure message="java.lang.AssertionError: Implement me" type="junit.framework.AssertionFailedError">junit.framework.AssertionFailedError: java.lang.AssertionError: Implement me
	at friendsofmin.ActiviteTests.testSomething(ActiviteTests.groovy:15)
</failure>

      </testcase>

      <system-out><![CDATA[--Output from testSomething--
]]></system-out>

      <system-err><![CDATA[--Output from testSomething--
]]></system-err>

  </testsuite>
  <testsuite errors="0" failures="1" hostname="LARAKI-VAIO" id="1" name="MembreControllerTests" package="friendsofmin" tests="1" time="2.04" timestamp="2012-03-03T22:30:26">
      <properties />

      <testcase classname="friendsofmin.MembreControllerTests" name="testSomething" time="1.956">
          <failure message="java.lang.AssertionError: Implement me" type="junit.framework.AssertionFailedError">junit.framework.AssertionFailedError: java.lang.AssertionError: Implement me
	at friendsofmin.MembreControllerTests.testSomething(MembreControllerTests.groovy:15)
</failure>

      </testcase>

      <system-out><![CDATA[--Output from testSomething--
]]></system-out>

      <system-err><![CDATA[--Output from testSomething--
]]></system-err>

  </testsuite>
  <testsuite errors="0" failures="0" hostname="LARAKI-VAIO" id="2" name="MembreTests" package="friendsofmin" tests="1" time="0.205" timestamp="2012-03-03T22:30:28">
      <properties />

      <testcase classname="friendsofmin.MembreTests" name="testToString" time="0.201" />

      <system-out><![CDATA[--Output from testToString--
]]></system-out>

      <system-err><![CDATA[--Output from testToString--
]]></system-err>

  </testsuite>
</testsuites>
