Testsuite: friendsofmin.ActiviteTests
Tests run: 1, Failures: 1, Errors: 0, Time elapsed: 1,392 sec
------------- Standard Output ---------------
--Output from testSomething--
------------- ---------------- ---------------
------------- Standard Error -----------------
--Output from testSomething--
------------- ---------------- ---------------

Testcase: testSomething took 0,816 sec
	FAILED
java.lang.AssertionError: Implement me
junit.framework.AssertionFailedError: java.lang.AssertionError: Implement me
	at friendsofmin.ActiviteTests.testSomething(ActiviteTests.groovy:15)

