Testsuite: friendsofmin.MembreControllerTests
Tests run: 1, Failures: 1, Errors: 0, Time elapsed: 2,04 sec
------------- Standard Output ---------------
--Output from testSomething--
------------- ---------------- ---------------
------------- Standard Error -----------------
--Output from testSomething--
------------- ---------------- ---------------

Testcase: testSomething took 1,956 sec
	FAILED
java.lang.AssertionError: Implement me
junit.framework.AssertionFailedError: java.lang.AssertionError: Implement me
	at friendsofmin.MembreControllerTests.testSomething(MembreControllerTests.groovy:15)

